<?xml version="1.0" encoding="UTF-8"?>
<!-- Generated by org.testng.reporters.JUnitReportReporter -->
<testsuite skipped="0" hostname="HDC2-L-9227QQ2" name="com.testpack.DemoTest1" tests="2" failures="0" timestamp="07 Apr 2020 16:44:44 GMT" time="22.024" errors="0">
  <testcase name="register" time="0.013" classname="com.testpack.DemoTest1"/>
  <testcase name="launch" time="22.011" classname="com.testpack.DemoTest1"/>
</testsuite> <!-- com.testpack.DemoTest1 -->
